<?xml version="1.0" encoding="UTF-8"?>
<testsuite xmlns:xsi="http://www.w3.org/2001/XMLSchema-instance" xsi:noNamespaceSchemaLocation="https://maven.apache.org/surefire/maven-surefire-plugin/xsd/surefire-test-report.xsd" name="TestSuite" time="31.05" tests="5" errors="0" skipped="0" failures="0">
  <properties>
[...]
</properties>
  <testcase name="runScenario" classname="runner.TestRunner" time="16.373"/>
  <testcase name="runScenario" classname="runner.TestRunner" time="20.314"/>
  <testcase name="runScenario" classname="runner.TestRunner" time="24.265"/>
  <testcase name="runScenario" classname="runner.TestRunner" time="26.296"/>
  <testcase name="runScenario" classname="runner.TestRunner" time="26.468"/>
</testsuite>